Arguments: 
  /usr/bin/node /usr/share/yarn/bin/yarn.js run dev

PATH: 
  /home/adsoft/google-cloud-sdk/bin:/home/adsoft/bin:/home/adsoft/.local/bin:/home/adsoft/google-cloud-sdk/bin:/home/adsoft/bin:/home/adsoft/.local/bin:/usr/local/sbin:/usr/local/bin:/usr/sbin:/usr/bin:/sbin:/bin:/usr/games:/usr/local/games:/snap/bin:/usr/lib/jvm/java-8-oracle/bin:/usr/lib/jvm/java-8-oracle/db/bin:/usr/lib/jvm/java-8-oracle/jre/bin:/usr/local/go/bin:/usr/lib/jvm/java-8-oracle/bin:/usr/lib/jvm/java-8-oracle/db/bin:/usr/lib/jvm/java-8-oracle/jre/bin:/usr/local/go/bin

Yarn version: 
  1.5.1

Node version: 
  9.6.1

Platform: 
  linux x64

npm manifest: 
  {
   "name": "node-api",
   "scripts": {
      "dev": "NODE_ENV=development nodemon server.js --watch server"
    },
   "dependencies" : {
    "express" : "~4.0.0",
    "sequelize": "^3.23.6",
    "pg": "^6.1.0",
    "cors" : "*",
    "body-parser": "~1.0.1"
   }
  }

yarn manifest: 
  No manifest

Lockfile: 
  # THIS IS AN AUTOGENERATED FILE. DO NOT EDIT THIS FILE DIRECTLY.
  # yarn lockfile v1
  
  
  "@types/geojson@^1.0.0":
    version "1.0.6"
    resolved "https://registry.yarnpkg.com/@types/geojson/-/geojson-1.0.6.tgz#3e02972728c69248c2af08d60a48cbb8680fffdf"
  
  accepts@1.0.0:
    version "1.0.0"
    resolved "https://registry.yarnpkg.com/accepts/-/accepts-1.0.0.tgz#3604c765586c3b9cf7877b6937cdbd4587f947dc"
    dependencies:
      mime "~1.2.11"
      negotiator "~0.3.0"
  
  bluebird@^3.3.4, bluebird@^3.4.6:
    version "3.5.1"
    resolved "https://registry.yarnpkg.com/bluebird/-/bluebird-3.5.1.tgz#d9551f9de98f1fcda1e683d17ee91a0602ee2eb9"
  
  body-parser@~1.0.1:
    version "1.0.2"
    resolved "https://registry.yarnpkg.com/body-parser/-/body-parser-1.0.2.tgz#3461479a3278fe00fcaebec3314bb54fc4f7b47c"
    dependencies:
      qs "~0.6.6"
      raw-body "~1.1.2"
      type-is "~1.1.0"
  
  buffer-crc32@0.2.1:
    version "0.2.1"
    resolved "https://registry.yarnpkg.com/buffer-crc32/-/buffer-crc32-0.2.1.tgz#be3e5382fc02b6d6324956ac1af98aa98b08534c"
  
  buffer-writer@1.0.1:
    version "1.0.1"
    resolved "https://registry.yarnpkg.com/buffer-writer/-/buffer-writer-1.0.1.tgz#22a936901e3029afcd7547eb4487ceb697a3bf08"
  
  bytes@1:
    version "1.0.0"
    resolved "https://registry.yarnpkg.com/bytes/-/bytes-1.0.0.tgz#3569ede8ba34315fab99c3e92cb04c7220de1fa8"
  
  cookie-signature@1.0.3:
    version "1.0.3"
    resolved "https://registry.yarnpkg.com/cookie-signature/-/cookie-signature-1.0.3.tgz#91cd997cc51fb641595738c69cda020328f50ff9"
  
  cookie@0.1.0:
    version "0.1.0"
    resolved "https://registry.yarnpkg.com/cookie/-/cookie-0.1.0.tgz#90eb469ddce905c866de687efc43131d8801f9d0"
  
  cors@*:
    version "2.8.4"
    resolved "https://registry.yarnpkg.com/cors/-/cors-2.8.4.tgz#2bd381f2eb201020105cd50ea59da63090694686"
    dependencies:
      object-assign "^4"
      vary "^1"
  
  debug@*:
    version "3.1.0"
    resolved "https://registry.yarnpkg.com/debug/-/debug-3.1.0.tgz#5bb5a0672628b64149566ba16819e61518c67261"
    dependencies:
      ms "2.0.0"
  
  "debug@>= 0.7.3 < 1":
    version "0.8.1"
    resolved "https://registry.yarnpkg.com/debug/-/debug-0.8.1.tgz#20ff4d26f5e422cb68a1bacbbb61039ad8c1c130"
  
  debug@^2.6.9:
    version "2.6.9"
    resolved "https://registry.yarnpkg.com/debug/-/debug-2.6.9.tgz#5d128515df134ff327e90a4c93f4e077a536341f"
    dependencies:
      ms "2.0.0"
  
  depd@^1.1.0:
    version "1.1.2"
    resolved "https://registry.yarnpkg.com/depd/-/depd-1.1.2.tgz#9bcd52e14c097763e749b274c4346ed2e560b5a9"
  
  dottie@^1.0.0:
    version "1.1.1"
    resolved "https://registry.yarnpkg.com/dottie/-/dottie-1.1.1.tgz#45c2a3f48bd6528eeed267a69a848eaaca6faa6a"
  
  escape-html@1.0.1:
    version "1.0.1"
    resolved "https://registry.yarnpkg.com/escape-html/-/escape-html-1.0.1.tgz#181a286ead397a39a92857cfb1d43052e356bff0"
  
  express@~4.0.0:
    version "4.0.0"
    resolved "https://registry.yarnpkg.com/express/-/express-4.0.0.tgz#274dc82933c9f574cc38a0ce5ea8172be9c6b094"
    dependencies:
      accepts "1.0.0"
      buffer-crc32 "0.2.1"
      cookie "0.1.0"
      cookie-signature "1.0.3"
      debug ">= 0.7.3 < 1"
      escape-html "1.0.1"
      fresh "0.2.2"
      merge-descriptors "0.0.2"
      methods "0.1.0"
      parseurl "1.0.1"
      path-to-regexp "0.1.2"
      qs "0.6.6"
      range-parser "1.0.0"
      send "0.2.0"
      serve-static "1.0.1"
      type-is "1.0.0"
      utils-merge "1.0.0"
  
  fresh@0.2.0:
    version "0.2.0"
    resolved "https://registry.yarnpkg.com/fresh/-/fresh-0.2.0.tgz#bfd9402cf3df12c4a4c310c79f99a3dde13d34a7"
  
  fresh@0.2.2:
    version "0.2.2"
    resolved "https://registry.yarnpkg.com/fresh/-/fresh-0.2.2.tgz#9731dcf5678c7faeb44fb903c4f72df55187fa77"
  
  fresh@~0.2.1:
    version "0.2.4"
    resolved "https://registry.yarnpkg.com/fresh/-/fresh-0.2.4.tgz#3582499206c9723714190edd74b4604feb4a614c"
  
  generic-pool@2.4.2:
    version "2.4.2"
    resolved "https://registry.yarnpkg.com/generic-pool/-/generic-pool-2.4.2.tgz#886bc5bf0beb7db96e81bcbba078818de5a62683"
  
  generic-pool@2.4.3:
    version "2.4.3"
    resolved "https://registry.yarnpkg.com/generic-pool/-/generic-pool-2.4.3.tgz#780c36f69dfad05a5a045dd37be7adca11a4f6ff"
  
  inflection@^1.6.0:
    version "1.12.0"
    resolved "https://registry.yarnpkg.com/inflection/-/inflection-1.12.0.tgz#a200935656d6f5f6bc4dc7502e1aecb703228416"
  
  js-string-escape@1.0.1:
    version "1.0.1"
    resolved "https://registry.yarnpkg.com/js-string-escape/-/js-string-escape-1.0.1.tgz#e2625badbc0d67c7533e9edc1068c587ae4137ef"
  
  lodash@4.12.0:
    version "4.12.0"
    resolved "https://registry.yarnpkg.com/lodash/-/lodash-4.12.0.tgz#2bd6dc46a040f59e686c972ed21d93dc59053258"
  
  merge-descriptors@0.0.2:
    version "0.0.2"
    resolved "https://registry.yarnpkg.com/merge-descriptors/-/merge-descriptors-0.0.2.tgz#c36a52a781437513c57275f39dd9d317514ac8c7"
  
  methods@0.1.0:
    version "0.1.0"
    resolved "https://registry.yarnpkg.com/methods/-/methods-0.1.0.tgz#335d429eefd21b7bacf2e9c922a8d2bd14a30e4f"
  
  mime@~1.2.11, mime@~1.2.9:
    version "1.2.11"
    resolved "https://registry.yarnpkg.com/mime/-/mime-1.2.11.tgz#58203eed86e3a5ef17aed2b7d9ebd47f0a60dd10"
  
  moment-timezone@^0.5.4:
    version "0.5.14"
    resolved "https://registry.yarnpkg.com/moment-timezone/-/moment-timezone-0.5.14.tgz#4eb38ff9538b80108ba467a458f3ed4268ccfcb1"
    dependencies:
      moment ">= 2.9.0"
  
  "moment@>= 2.9.0", moment@^2.13.0:
    version "2.21.0"
    resolved "https://registry.yarnpkg.com/moment/-/moment-2.21.0.tgz#2a114b51d2a6ec9e6d83cf803f838a878d8a023a"
  
  ms@2.0.0:
    version "2.0.0"
    resolved "https://registry.yarnpkg.com/ms/-/ms-2.0.0.tgz#5608aeadfc00be6c2901df5f9861788de0d597c8"
  
  negotiator@~0.3.0:
    version "0.3.0"
    resolved "https://registry.yarnpkg.com/negotiator/-/negotiator-0.3.0.tgz#706d692efeddf574d57ea9fb1ab89a4fa7ee8f60"
  
  object-assign@4.1.0:
    version "4.1.0"
    resolved "https://registry.yarnpkg.com/object-assign/-/object-assign-4.1.0.tgz#7a3b3d0e98063d43f4c03f2e8ae6cd51a86883a0"
  
  object-assign@^4:
    version "4.1.1"
    resolved "https://registry.yarnpkg.com/object-assign/-/object-assign-4.1.1.tgz#2109adc7965887cfc05cbbd442cac8bfbb360863"
  
  packet-reader@0.3.1:
    version "0.3.1"
    resolved "https://registry.yarnpkg.com/packet-reader/-/packet-reader-0.3.1.tgz#cd62e60af8d7fea8a705ec4ff990871c46871f27"
  
  parseurl@1.0.1:
    version "1.0.1"
    resolved "https://registry.yarnpkg.com/parseurl/-/parseurl-1.0.1.tgz#2e57dce6efdd37c3518701030944c22bf388b7b4"
  
  path-to-regexp@0.1.2:
    version "0.1.2"
    resolved "https://registry.yarnpkg.com/path-to-regexp/-/path-to-regexp-0.1.2.tgz#9b2b151f9cc3018c9eea50ca95729e05781712b4"
  
  pg-connection-string@0.1.3:
    version "0.1.3"
    resolved "https://registry.yarnpkg.com/pg-connection-string/-/pg-connection-string-0.1.3.tgz#da1847b20940e42ee1492beaf65d49d91b245df7"
  
  pg-int8@1.0.1:
    version "1.0.1"
    resolved "https://registry.yarnpkg.com/pg-int8/-/pg-int8-1.0.1.tgz#943bd463bf5b71b4170115f80f8efc9a0c0eb78c"
  
  pg-pool@1.*:
    version "1.8.0"
    resolved "https://registry.yarnpkg.com/pg-pool/-/pg-pool-1.8.0.tgz#f7ec73824c37a03f076f51bfdf70e340147c4f37"
    dependencies:
      generic-pool "2.4.3"
      object-assign "4.1.0"
  
  pg-types@1.*:
    version "1.13.0"
    resolved "https://registry.yarnpkg.com/pg-types/-/pg-types-1.13.0.tgz#75f490b8a8abf75f1386ef5ec4455ecf6b345c63"
    dependencies:
      pg-int8 "1.0.1"
      postgres-array "~1.0.0"
      postgres-bytea "~1.0.0"
      postgres-date "~1.0.0"
      postgres-interval "^1.1.0"
  
  pg@^6.1.0:
    version "6.4.2"
    resolved "https://registry.yarnpkg.com/pg/-/pg-6.4.2.tgz#c364011060eac7a507a2ae063eb857ece910e27f"
    dependencies:
      buffer-writer "1.0.1"
      js-string-escape "1.0.1"
      packet-reader "0.3.1"
      pg-connection-string "0.1.3"
      pg-pool "1.*"
      pg-types "1.*"
      pgpass "1.*"
      semver "4.3.2"
  
  pgpass@1.*:
    version "1.0.2"
    resolved "https://registry.yarnpkg.com/pgpass/-/pgpass-1.0.2.tgz#2a7bb41b6065b67907e91da1b07c1847c877b306"
    dependencies:
      split "^1.0.0"
  
  postgres-array@~1.0.0:
    version "1.0.2"
    resolved "https://registry.yarnpkg.com/postgres-array/-/postgres-array-1.0.2.tgz#8e0b32eb03bf77a5c0a7851e0441c169a256a238"
  
  postgres-bytea@~1.0.0:
    version "1.0.0"
    resolved "https://registry.yarnpkg.com/postgres-bytea/-/postgres-bytea-1.0.0.tgz#027b533c0aa890e26d172d47cf9ccecc521acd35"
  
  postgres-date@~1.0.0:
    version "1.0.3"
    resolved "https://registry.yarnpkg.com/postgres-date/-/postgres-date-1.0.3.tgz#e2d89702efdb258ff9d9cee0fe91bd06975257a8"
  
  postgres-interval@^1.1.0:
    version "1.1.1"
    resolved "https://registry.yarnpkg.com/postgres-interval/-/postgres-interval-1.1.1.tgz#acdb0f897b4b1c6e496d9d4e0a853e1c428f06f0"
    dependencies:
      xtend "^4.0.0"
  
  qs@0.6.6, qs@~0.6.6:
    version "0.6.6"
    resolved "https://registry.yarnpkg.com/qs/-/qs-0.6.6.tgz#6e015098ff51968b8a3c819001d5f2c89bc4b107"
  
  range-parser@0.0.4:
    version "0.0.4"
    resolved "https://registry.yarnpkg.com/range-parser/-/range-parser-0.0.4.tgz#c0427ffef51c10acba0782a46c9602e744ff620b"
  
  range-parser@1.0.0:
    version "1.0.0"
    resolved "https://registry.yarnpkg.com/range-parser/-/range-parser-1.0.0.tgz#a4b264cfe0be5ce36abe3765ac9c2a248746dbc0"
  
  range-parser@~1.0.0:
    version "1.0.3"
    resolved "https://registry.yarnpkg.com/range-parser/-/range-parser-1.0.3.tgz#6872823535c692e2c2a0103826afd82c2e0ff175"
  
  raw-body@~1.1.2:
    version "1.1.7"
    resolved "https://registry.yarnpkg.com/raw-body/-/raw-body-1.1.7.tgz#1d027c2bfa116acc6623bca8f00016572a87d425"
    dependencies:
      bytes "1"
      string_decoder "0.10"
  
  retry-as-promised@^2.0.0:
    version "2.3.2"
    resolved "https://registry.yarnpkg.com/retry-as-promised/-/retry-as-promised-2.3.2.tgz#cd974ee4fd9b5fe03cbf31871ee48221c07737b7"
    dependencies:
      bluebird "^3.4.6"
      debug "^2.6.9"
  
  semver@4.3.2:
    version "4.3.2"
    resolved "https://registry.yarnpkg.com/semver/-/semver-4.3.2.tgz#c7a07158a80bedd052355b770d82d6640f803be7"
  
  semver@^5.0.1:
    version "5.5.0"
    resolved "https://registry.yarnpkg.com/semver/-/semver-5.5.0.tgz#dc4bbc7a6ca9d916dee5d43516f0092b58f7b8ab"
  
  send@0.1.4:
    version "0.1.4"
    resolved "https://registry.yarnpkg.com/send/-/send-0.1.4.tgz#be70d8d1be01de61821af13780b50345a4f71abd"
    dependencies:
      debug "*"
      fresh "0.2.0"
      mime "~1.2.9"
      range-parser "0.0.4"
  
  send@0.2.0:
    version "0.2.0"
    resolved "https://registry.yarnpkg.com/send/-/send-0.2.0.tgz#067abf45cff8bffb29cbdb7439725b32388a2c58"
    dependencies:
      debug "*"
      fresh "~0.2.1"
      mime "~1.2.9"
      range-parser "~1.0.0"
  
  sequelize@^3.23.6:
    version "3.31.2"
    resolved "https://registry.yarnpkg.com/sequelize/-/sequelize-3.31.2.tgz#fc23415d358e1cc94be6de2a5020ffd3524125fe"
    dependencies:
      bluebird "^3.3.4"
      depd "^1.1.0"
      dottie "^1.0.0"
      generic-pool "2.4.2"
      inflection "^1.6.0"
      lodash "4.12.0"
      moment "^2.13.0"
      moment-timezone "^0.5.4"
      retry-as-promised "^2.0.0"
      semver "^5.0.1"
      shimmer "1.1.0"
      terraformer-wkt-parser "^1.1.0"
      toposort-class "^1.0.1"
      uuid "^3.0.0"
      validator "^5.2.0"
      wkx "0.2.0"
  
  serve-static@1.0.1:
    version "1.0.1"
    resolved "https://registry.yarnpkg.com/serve-static/-/serve-static-1.0.1.tgz#10dcbfd44b3e0291a131fc9ab4ab25a9f5a78a42"
    dependencies:
      send "0.1.4"
  
  shimmer@1.1.0:
    version "1.1.0"
    resolved "https://registry.yarnpkg.com/shimmer/-/shimmer-1.1.0.tgz#97d7377137ffbbab425522e429fe0aa89a488b35"
  
  split@^1.0.0:
    version "1.0.1"
    resolved "https://registry.yarnpkg.com/split/-/split-1.0.1.tgz#605bd9be303aa59fb35f9229fbea0ddec9ea07d9"
    dependencies:
      through "2"
  
  string_decoder@0.10:
    version "0.10.31"
    resolved "https://registry.yarnpkg.com/string_decoder/-/string_decoder-0.10.31.tgz#62e203bc41766c6c28c9fc84301dab1c5310fa94"
  
  terraformer-wkt-parser@^1.1.0:
    version "1.1.2"
    resolved "https://registry.yarnpkg.com/terraformer-wkt-parser/-/terraformer-wkt-parser-1.1.2.tgz#336a0c8fc82094a5aff83288f69aedecd369bf0c"
    dependencies:
      terraformer "~1.0.5"
  
  terraformer@~1.0.5:
    version "1.0.8"
    resolved "https://registry.yarnpkg.com/terraformer/-/terraformer-1.0.8.tgz#51e0ad89746fcf2161dc6f65aa70e42377c8b593"
    dependencies:
      "@types/geojson" "^1.0.0"
  
  through@2:
    version "2.3.8"
    resolved "https://registry.yarnpkg.com/through/-/through-2.3.8.tgz#0dd4c9ffaabc357960b1b724115d7e0e86a2e1f5"
  
  toposort-class@^1.0.1:
    version "1.0.1"
    resolved "https://registry.yarnpkg.com/toposort-class/-/toposort-class-1.0.1.tgz#7ffd1f78c8be28c3ba45cd4e1a3f5ee193bd9988"
  
  type-is@1.0.0:
    version "1.0.0"
    resolved "https://registry.yarnpkg.com/type-is/-/type-is-1.0.0.tgz#4ff424e97349a1ee1910b4bfc488595ecdc443fc"
    dependencies:
      mime "~1.2.11"
  
  type-is@~1.1.0:
    version "1.1.0"
    resolved "https://registry.yarnpkg.com/type-is/-/type-is-1.1.0.tgz#d0245ec8b2676668d59dd0cf3255060676a57db6"
    dependencies:
      mime "~1.2.11"
  
  utils-merge@1.0.0:
    version "1.0.0"
    resolved "https://registry.yarnpkg.com/utils-merge/-/utils-merge-1.0.0.tgz#0294fb922bb9375153541c4f7096231f287c8af8"
  
  uuid@^3.0.0:
    version "3.2.1"
    resolved "https://registry.yarnpkg.com/uuid/-/uuid-3.2.1.tgz#12c528bb9d58d0b9265d9a2f6f0fe8be17ff1f14"
  
  validator@^5.2.0:
    version "5.7.0"
    resolved "https://registry.yarnpkg.com/validator/-/validator-5.7.0.tgz#7a87a58146b695ac486071141c0c49d67da05e5c"
  
  vary@^1:
    version "1.1.2"
    resolved "https://registry.yarnpkg.com/vary/-/vary-1.1.2.tgz#2299f02c6ded30d4a5961b0b9f74524a18f634fc"
  
  wkx@0.2.0:
    version "0.2.0"
    resolved "https://registry.yarnpkg.com/wkx/-/wkx-0.2.0.tgz#76c24f16acd0cd8f93cd34aa331e0f7961256e84"
  
  xtend@^4.0.0:
    version "4.0.1"
    resolved "https://registry.yarnpkg.com/xtend/-/xtend-4.0.1.tgz#a5c6d532be656e23db820efb943a1f04998d63af"

Trace: 
  Error: Command failed.
  Exit code: 127
  Command: sh
  Arguments: -c NODE_ENV=development nodemon server.js --watch server
  Directory: /home/adsoft/labweb/pg_rest_api/src
  Output:
  
      at ProcessTermError.MessageError (/usr/share/yarn/lib/cli.js:186:110)
      at new ProcessTermError (/usr/share/yarn/lib/cli.js:226:113)
      at ChildProcess.<anonymous> (/usr/share/yarn/lib/cli.js:30281:17)
      at ChildProcess.emit (events.js:127:13)
      at maybeClose (internal/child_process.js:933:16)
      at Process.ChildProcess._handle.onexit (internal/child_process.js:220:5)
